<?xml version="1.0" encoding="UTF-8"?>
<!-- Generated by org.testng.reporters.JUnitXMLReporter -->
<testsuite ignored="1" hostname="LAPTOP-GA4HMSSR" failures="0" tests="1" name="Default test" time="11.42" errors="0" timestamp="2022-08-16T23:57:58 IST">
  <testcase classname="com.fb.qa.test.HomePageTest" name="verifyHomePageTitleTest" time="6.259"/>
  <testcase classname="com.fb.qa.test.HomePageTest" name="verifyFriendsLinkTest" time="0.0">
    <ignored/>
  </testcase> <!-- verifyFriendsLinkTest -->
</testsuite> <!-- Default test -->
